{"uuid":"488f2044-b264-4468-a531-4958e28eedf1","historyId":"e6d834d6173806bf6a6976e40197e1f0","fullName":"SteeringCompanyAPI_TestCases.Test_Token_Cases.InValid_Token_RQ_TC","labels":[{"name":"package","value":"SteeringCompanyAPI_TestCases.Test_Token_Cases"},{"name":"testClass","value":"SteeringCompanyAPI_TestCases.Test_Token_Cases"},{"name":"testMethod","value":"InValid_Token_RQ_TC"},{"name":"parentSuite","value":"Suite"},{"name":"suite","value":"Test"},{"name":"subSuite","value":"SteeringCompanyAPI_TestCases.Test_Token_Cases"},{"name":"host","value":"TW-1056"},{"name":"thread","value":"17068@TW-1056.main(1)"},{"name":"framework","value":"testng"},{"name":"language","value":"java"}],"links":[],"name":"TC002 - Peform Post Token API with Invalid user name and password","status":"broken","statusDetails":{"known":false,"muted":false,"flaky":false,"message":"java.io.FileNotFoundException: C:\\eclipse-workspace\\MyProjects\\TASystemsAPIs\\src\\test\\resources\\testDataFiles\\Token_Unauthorized_schema.json (The system cannot find the file specified)","trace":"io.restassured.module.jsv.JsonSchemaValidationException: java.io.FileNotFoundException: C:\\eclipse-workspace\\MyProjects\\TASystemsAPIs\\src\\test\\resources\\testDataFiles\\Token_Unauthorized_schema.json (The system cannot find the file specified)\r\n\tat io.restassured.module.jsv.JsonSchemaValidator$JsonSchemaValidatorFactory.create(JsonSchemaValidator.java:286)\r\n\tat io.restassured.module.jsv.JsonSchemaValidator.matchesJsonSchema(JsonSchemaValidator.java:157)\r\n\tat com.shaft.validation.ValidationsHelper.validateResponseFileSchema(ValidationsHelper.java:490)\r\n\tat com.shaft.validation.ValidationsExecutor.perform(ValidationsExecutor.java:161)\r\n\tat SteeringCompanyAPIs.Token_API.Check_Token_Response_Unauthorized_Schema(Token_API.java:79)\r\n\tat SteeringCompanyAPI_TestCases.Test_Token_Cases.InValid_Token_RQ_TC(Test_Token_Cases.java:52)\r\n\tat java.base/jdk.internal.reflect.NativeMethodAccessorImpl.invoke0(Native Method)\r\n\tat java.base/jdk.internal.reflect.NativeMethodAccessorImpl.invoke(NativeMethodAccessorImpl.java:77)\r\n\tat java.base/jdk.internal.reflect.DelegatingMethodAccessorImpl.invoke(DelegatingMethodAccessorImpl.java:43)\r\n\tat java.base/java.lang.reflect.Method.invoke(Method.java:568)\r\n\tat org.testng.internal.invokers.MethodInvocationHelper.invokeMethod(MethodInvocationHelper.java:139)\r\n\tat org.testng.internal.invokers.TestInvoker.invokeMethod(TestInvoker.java:677)\r\n\tat org.testng.internal.invokers.TestInvoker.invokeTestMethod(TestInvoker.java:221)\r\n\tat org.testng.internal.invokers.MethodRunner.runInSequence(MethodRunner.java:50)\r\n\tat org.testng.internal.invokers.TestInvoker$MethodInvocationAgent.invoke(TestInvoker.java:969)\r\n\tat org.testng.internal.invokers.TestInvoker.invokeTestMethods(TestInvoker.java:194)\r\n\tat org.testng.internal.invokers.TestMethodWorker.invokeTestMethods(TestMethodWorker.java:148)\r\n\tat org.testng.internal.invokers.TestMethodWorker.run(TestMethodWorker.java:128)\r\n\tat java.base/java.util.ArrayList.forEach(ArrayList.java:1511)\r\n\tat org.testng.TestRunner.privateRun(TestRunner.java:829)\r\n\tat org.testng.TestRunner.run(TestRunner.java:602)\r\n\tat org.testng.SuiteRunner.runTest(SuiteRunner.java:437)\r\n\tat org.testng.SuiteRunner.runSequentially(SuiteRunner.java:431)\r\n\tat org.testng.SuiteRunner.privateRun(SuiteRunner.java:391)\r\n\tat org.testng.SuiteRunner.run(SuiteRunner.java:330)\r\n\tat org.testng.SuiteRunnerWorker.runSuite(SuiteRunnerWorker.java:52)\r\n\tat org.testng.SuiteRunnerWorker.run(SuiteRunnerWorker.java:95)\r\n\tat org.testng.TestNG.runSuitesSequentially(TestNG.java:1256)\r\n\tat org.testng.TestNG.runSuitesLocally(TestNG.java:1176)\r\n\tat org.testng.TestNG.runSuites(TestNG.java:1099)\r\n\tat org.testng.TestNG.run(TestNG.java:1067)\r\n\tat org.apache.maven.surefire.testng.TestNGExecutor.run(TestNGExecutor.java:151)\r\n\tat org.apache.maven.surefire.testng.TestNGDirectoryTestSuite.executeMulti(TestNGDirectoryTestSuite.java:192)\r\n\tat org.apache.maven.surefire.testng.TestNGDirectoryTestSuite.execute(TestNGDirectoryTestSuite.java:93)\r\n\tat org.apache.maven.surefire.testng.TestNGProvider.invoke(TestNGProvider.java:155)\r\n\tat org.apache.maven.surefire.booter.ForkedBooter.runSuitesInProcess(ForkedBooter.java:456)\r\n\tat org.apache.maven.surefire.booter.ForkedBooter.execute(ForkedBooter.java:169)\r\n\tat org.apache.maven.surefire.booter.ForkedBooter.run(ForkedBooter.java:595)\r\n\tat org.apache.maven.surefire.booter.ForkedBooter.main(ForkedBooter.java:581)\r\nCaused by: java.io.FileNotFoundException: C:\\eclipse-workspace\\MyProjects\\TASystemsAPIs\\src\\test\\resources\\testDataFiles\\Token_Unauthorized_schema.json (The system cannot find the file specified)\r\n\tat java.base/java.io.FileInputStream.open0(Native Method)\r\n\tat java.base/java.io.FileInputStream.open(FileInputStream.java:216)\r\n\tat java.base/java.io.FileInputStream.<init>(FileInputStream.java:157)\r\n\tat com.github.fge.jackson.JsonLoader.fromFile(JsonLoader.java:165)\r\n\tat io.restassured.module.jsv.JsonSchemaValidator$3.createSchemaInstance(JsonSchemaValidator.java:155)\r\n\tat io.restassured.module.jsv.JsonSchemaValidator$3.createSchemaInstance(JsonSchemaValidator.java:152)\r\n\tat io.restassured.module.jsv.JsonSchemaValidator$JsonSchemaValidatorFactory.create(JsonSchemaValidator.java:284)\r\n\t... 38 more\r\n"},"stage":"finished","steps":[{"name":"Loaded Test Data: \"src/test/resources/testDataFiles/SteeringCompanyAPI_TestData/SteeringCompanyAPI_TestData.xlsx\".","status":"passed","stage":"finished","steps":[],"attachments":[{"name":"Test Data - Excel","source":"c6ee60ff-11e7-48b6-ade8-87d9e77ade37-attachment.xlsx","type":"application/vnd.openxmlformats-officedocument.spreadsheetml.sheet"}],"parameters":[{"name":"logText","value":"Loaded Test Data: \"src/test/resources/testDataFiles/SteeringCompanyAPI_TestData/SteeringCompanyAPI_TestData.xlsx\"."},{"name":"attachments","value":"[[Test Data, Excel, java.io.FileInputStream@7d89a1ce]]"}],"start":1672693526679,"stop":1672693526681},{"name":"Assertion Passed: Evaluating the actual response status code against the expected one...","status":"passed","stage":"finished","steps":[],"attachments":[],"parameters":[{"name":"customLog","value":"Assertion Passed: Evaluating the actual response status code against the expected one..."},{"name":"stepLog","value":"Assertion \"ValidateComparativeRelation\" PASSED. Expected \"401\" and Actual \"401\". Comparison Type \"EQUALS\". Validation Type \"POSITIVE\"."},{"name":"attachments","value":"null"}],"start":1672693527266,"stop":1672693527267},{"name":"Perform request \"POST | Target Status Code: 401 | Service URL: https://auth-demo.np.transporticonline.com/auth/realms/tic/protocol/openid-connect/token | Content Type: application/x-www-form-urlencoded | Response Time: 578ms\".","status":"passed","stage":"finished","steps":[],"attachments":[{"name":"API Request - Specifications","source":"48af291e-7a77-4b29-8efd-12c04d7c55e7-attachment"},{"name":"API Request - Body","source":"bee8c4e9-5448-4f33-b15c-4178a207ee54-attachment"},{"name":"API Response - JSON Body","source":"e099a942-a859-45f3-9d9e-3a830b158a21-attachment.json","type":"text/json"}],"parameters":[{"name":"logText","value":"Perform request \"POST | Target Status Code: 401 | Service URL: https://auth-demo.np.transporticonline.com/auth/realms/tic/protocol/openid-connect/token | Content Type: application/x-www-form-urlencoded | Response Time: 578ms\"."},{"name":"attachments","value":"[[API Request, Specifications, Headers:\r\n_______________\r\n\r\nContent-Type=application/x-www-form-urlencoded\r\n\r\n], [API Request, Body, java.io.ByteArrayInputStream@249334b9], null, [API Response, JSON Body, java.io.ByteArrayInputStream@36598d1d]]"}],"start":1672693527296,"stop":1672693527302},{"name":"Assertion Passed: Check Response Status Code is 401 and it is Unauthorized.","status":"passed","stage":"finished","steps":[],"attachments":[],"parameters":[{"name":"customLog","value":"Assertion Passed: Check Response Status Code is 401 and it is Unauthorized."},{"name":"stepLog","value":"Assertion \"ValidateComparativeRelation\" PASSED. Expected \"401\" and Actual \"401\". Comparison Type \"EQUALS\". Validation Type \"POSITIVE\"."},{"name":"attachments","value":"null"}],"start":1672693527303,"stop":1672693527303},{"name":"Assertion Passed: Check error_description is existed.","status":"passed","stage":"finished","steps":[],"attachments":[],"parameters":[{"name":"customLog","value":"Assertion Passed: Check error_description is existed."},{"name":"stepLog","value":"Assertion \"ValidateEquals\" PASSED. Expected \"error_description\" and Actual \"{\"error\":\"invalid_grant\",\"error_description\":\"Invalid user credentials\"}\". Comparison Type \"CONTAINS\". Validation Type \"POSITIVE\"."},{"name":"attachments","value":"null"}],"start":1672693527303,"stop":1672693527304},{"name":"Assertion Passed: Check error_description is not null.","status":"passed","stage":"finished","steps":[],"attachments":[],"parameters":[{"name":"customLog","value":"Assertion Passed: Check error_description is not null."},{"name":"stepLog","value":"Assertion \"ValidateEquals\" PASSED. Expected \"null\" and Actual \"Invalid user credentials\". Comparison Type \"EQUALS\". Validation Type \"NEGATIVE\"."},{"name":"attachments","value":"null"}],"start":1672693527305,"stop":1672693527305}],"attachments":[{"name":"SHAFT Engine Logs - Current Method log: InValid_Token_RQ_TC","source":"cb27a2f8-987e-4a0b-b588-cebe9d4478f5-attachment.txt","type":"text/plain"}],"parameters":[],"start":1672693526649,"stop":1672693527310}