{"uuid":"7001ff42-0199-4e5f-b34d-39fc4c833cfe","name":"Suite","children":["acfaef17-8955-42cf-92aa-271143ed954c","632198c4-3108-4b20-bdd7-ee14d21e1e43"],"befores":[{"name":"setupActivities","status":"passed","stage":"finished","description":"","steps":[],"attachments":[{"name":"SHAFT Links - Important","source":"52dc050a-1c22-4599-a6ae-723e711e0833-attachment.uri","type":"text/uri-list"},{"name":"Properties - browserStack","source":"738e2e45-f3e5-4fac-8526-4f21974bc324-attachment.properties","type":"text/plain"},{"name":"Properties - cucumber","source":"db839166-713f-43cf-a1bb-697f11350c14-attachment.properties","type":"text/plain"},{"name":"Properties - ExecutionPlatform","source":"75f2666e-d11b-4e8b-a4fc-50f6072bda77-attachment.properties","type":"text/plain"},{"name":"Properties - healenium","source":"3835c2c0-21ed-4b33-bf36-b9e43572580f-attachment.properties","type":"text/plain"},{"name":"Properties - JiraXRay","source":"67de0a87-740d-4874-acd4-14faf4df482c-attachment.properties","type":"text/plain"},{"name":"Properties - MobileCapabilities","source":"3cdbf90a-a2dd-4730-bfe2-08095776ebae-attachment.properties","type":"text/plain"},{"name":"Properties - path","source":"f3eebc40-1502-4c94-905a-92db48c9d9e4-attachment.properties","type":"text/plain"},{"name":"Properties - pattern","source":"dd212e58-eeee-403c-a823-a50715c4c73d-attachment.properties","type":"text/plain"},{"name":"Properties - PlatformFlags","source":"be16d5b4-9c3d-4960-900b-133fee5d75a6-attachment.properties","type":"text/plain"},{"name":"Properties - Reporting","source":"cd916d8f-e0e7-44f5-be34-c4fc13b2ddae-attachment.properties","type":"text/plain"},{"name":"Properties - testNG","source":"560a6cae-4ec1-48e8-8ebd-cb3a6b2b758f-attachment.properties","type":"text/plain"},{"name":"Properties - Timeouts","source":"679b4bf9-928b-4ae9-bef8-164ef28e4862-attachment.properties","type":"text/plain"},{"name":"Properties - tinkey","source":"575cdf91-b7f3-4a84-9367-d720560922fd-attachment.properties","type":"text/plain"},{"name":"Properties - video","source":"5f1328c4-5a3c-4193-acd3-fc1a8020acaf-attachment.properties","type":"text/plain"},{"name":"Properties - VisualValidations","source":"266061b3-bf62-4074-90e0-b51be43e1e39-attachment.properties","type":"text/plain"}],"parameters":[],"start":1666013339960,"stop":1666013340566}],"afters":[{"name":"teardownActivities","status":"failed","statusDetails":{"known":false,"muted":false,"flaky":false,"message":"File Action \"ReadFromImageFile\" failed.","trace":"java.lang.AssertionError: File Action \"ReadFromImageFile\" failed.\r\n\tat org.testng.Assert.fail(Assert.java:98)\r\n\tat com.shaft.cli.FileActions.failAction(FileActions.java:619)\r\n\tat com.shaft.cli.FileActions.failAction(FileActions.java:613)\r\n\tat com.shaft.cli.FileActions.readFromImageFile(FileActions.java:315)\r\n\tat com.shaft.tools.io.ReportManagerHelper.attachFullLog(ReportManagerHelper.java:298)\r\n\tat com.shaft.tools.io.LogsHelper.attachFullLogs(LogsHelper.java:19)\r\n\tat com.shaft.tools.io.LogsHelper.teardownActivities(LogsHelper.java:99)\r\n\tat java.base/jdk.internal.reflect.NativeMethodAccessorImpl.invoke0(Native Method)\r\n\tat java.base/jdk.internal.reflect.NativeMethodAccessorImpl.invoke(NativeMethodAccessorImpl.java:77)\r\n\tat java.base/jdk.internal.reflect.DelegatingMethodAccessorImpl.invoke(DelegatingMethodAccessorImpl.java:43)\r\n\tat java.base/java.lang.reflect.Method.invoke(Method.java:568)\r\n\tat org.testng.internal.invokers.MethodInvocationHelper.invokeMethod(MethodInvocationHelper.java:139)\r\n\tat org.testng.internal.invokers.MethodInvocationHelper.invokeMethodConsideringTimeout(MethodInvocationHelper.java:69)\r\n\tat org.testng.internal.invokers.ConfigInvoker.invokeConfigurationMethod(ConfigInvoker.java:361)\r\n\tat org.testng.internal.invokers.ConfigInvoker.invokeConfigurations(ConfigInvoker.java:296)\r\n\tat org.testng.SuiteRunner.privateRun(SuiteRunner.java:400)\r\n\tat org.testng.SuiteRunner.run(SuiteRunner.java:330)\r\n\tat org.testng.SuiteRunnerWorker.runSuite(SuiteRunnerWorker.java:52)\r\n\tat org.testng.SuiteRunnerWorker.run(SuiteRunnerWorker.java:95)\r\n\tat org.testng.TestNG.runSuitesSequentially(TestNG.java:1256)\r\n\tat org.testng.TestNG.runSuitesLocally(TestNG.java:1176)\r\n\tat org.testng.TestNG.runSuites(TestNG.java:1099)\r\n\tat org.testng.TestNG.run(TestNG.java:1067)\r\n\tat org.apache.maven.surefire.testng.TestNGExecutor.run(TestNGExecutor.java:151)\r\n\tat org.apache.maven.surefire.testng.TestNGDirectoryTestSuite.executeMulti(TestNGDirectoryTestSuite.java:192)\r\n\tat org.apache.maven.surefire.testng.TestNGDirectoryTestSuite.execute(TestNGDirectoryTestSuite.java:93)\r\n\tat org.apache.maven.surefire.testng.TestNGProvider.invoke(TestNGProvider.java:155)\r\n\tat org.apache.maven.surefire.booter.ForkedBooter.runSuitesInProcess(ForkedBooter.java:456)\r\n\tat org.apache.maven.surefire.booter.ForkedBooter.execute(ForkedBooter.java:169)\r\n\tat org.apache.maven.surefire.booter.ForkedBooter.run(ForkedBooter.java:595)\r\n\tat org.apache.maven.surefire.booter.ForkedBooter.main(ForkedBooter.java:581)\r\nCaused by: java.nio.file.NoSuchFileException: C:\\eclipse-workspace\\MyProjects\\TASystemsAPIs\\src\\test\\resources\\testDataFiles\\target\\logs\\log4j.log\r\n\tat java.base/sun.nio.fs.WindowsException.translateToIOException(WindowsException.java:85)\r\n\tat java.base/sun.nio.fs.WindowsException.rethrowAsIOException(WindowsException.java:103)\r\n\tat java.base/sun.nio.fs.WindowsException.rethrowAsIOException(WindowsException.java:108)\r\n\tat java.base/sun.nio.fs.WindowsFileSystemProvider.newByteChannel(WindowsFileSystemProvider.java:236)\r\n\tat java.base/java.nio.file.Files.newByteChannel(Files.java:380)\r\n\tat java.base/java.nio.file.Files.newByteChannel(Files.java:432)\r\n\tat java.base/java.nio.file.Files.readAllBytes(Files.java:3288)\r\n\tat com.shaft.cli.FileActions.readFromImageFile(FileActions.java:311)\r\n\t... 27 more\r\n"},"stage":"finished","description":"","steps":[{"name":"Successfully Closed Driver.","status":"passed","stage":"finished","steps":[],"attachments":[],"parameters":[{"name":"logText","value":"Successfully Closed Driver."}],"start":1666013762980,"stop":1666013762981},{"name":"Issue Summary: Total Issues = 10, New issues for Failed Tests = 10, Open issues for Passed Tests = 0, Open issues for Failed Tests = 0. Kindly check the attached Issue details.","status":"passed","stage":"finished","steps":[],"attachments":[{"name":"SHAFT Engine Logs - Issues log CSV: 20221017-153602","source":"65c9bf23-f831-47c3-99a4-ffa51dfa9c33-attachment.csv","type":"text/csv"}],"parameters":[{"name":"logText","value":"Issue Summary: Total Issues = 10, New issues for Failed Tests = 10, Open issues for Passed Tests = 0, Open issues for Failed Tests = 0. Kindly check the attached Issue details."},{"name":"attachments","value":"[[SHAFT Engine Logs, Issues log CSV: 20221017-153602, java.io.ByteArrayInputStream@1bbf7e81]]"}],"start":1666013762987,"stop":1666013762988},{"name":"An Exception Occured with this Message: C:\\eclipse-workspace\\MyProjects\\TASystemsAPIs\\src\\test\\resources\\testDataFiles\\target\\logs\\log4j.log.","status":"passed","stage":"finished","steps":[],"attachments":[{"name":"Exception Stack Trace - java.nio.file.NoSuchFileException","source":"f7f04095-1e85-4369-992b-3f6d1fcf7209-attachment"}],"parameters":[{"name":"logText","value":"An Exception Occured with this Message: C:\\eclipse-workspace\\MyProjects\\TASystemsAPIs\\src\\test\\resources\\testDataFiles\\target\\logs\\log4j.log."},{"name":"attachments","value":"[[Exception Stack Trace, java.nio.file.NoSuchFileException, java.nio.file.NoSuchFileException:\r\nC:\\eclipse-workspace\\MyProjects\\TASystemsAPIs\\src\\test\\resources\\testDataFiles\\target\\logs\\log4j.log\r\njava.base/sun.nio.fs.WindowsException.translateToIOException(WindowsException.java:85)\r\njava.base/sun.nio.fs.WindowsException.rethrowAsIOException(WindowsException.java:103)\r\njava.base/sun.nio.fs.WindowsException.rethrowAsIOException(WindowsException.java:108)\r\njava.base/sun.nio.fs.WindowsFileSystemProvider.newByteChannel(WindowsFileSystemProvider.java:236)\r\njava.base/java.nio.file.Files.newByteChannel(Files.java:380)\r\njava.base/java.nio.file.Files.newByteChannel(Files.java:432)\r\njava.base/java.nio.file.Files.readAllBytes(Files.java:3288)\r\ncom.shaft.cli.FileActions.readFromImageFile(FileActions.java:311)\r\ncom.shaft.tools.io.ReportManagerHelper.attachFullLog(ReportManagerHelper.java:298)\r\ncom.shaft.tools.io.LogsHelper.attachFullLogs(LogsHelper.java:19)\r\ncom.shaft.tools.io.LogsHelper.teardownActivities(LogsHelper.java:99)\r\njava.base/jdk.internal.reflect.NativeMethodAccessorImpl.invoke0(Native Method)\r\njava.base/jdk.internal.reflect.NativeMethodAccessorImpl.invoke(NativeMethodAccessorImpl.java:77)\r\njava.base/jdk.internal.reflect.DelegatingMethodAccessorImpl.invoke(DelegatingMethodAccessorImpl.java:43)\r\njava.base/java.lang.reflect.Method.invoke(Method.java:568)\r\norg.testng.internal.invokers.MethodInvocationHelper.invokeMethod(MethodInvocationHelper.java:139)\r\norg.testng.internal.invokers.MethodInvocationHelper.invokeMethodConsideringTimeout(MethodInvocationHelper.java:69)\r\norg.testng.internal.invokers.ConfigInvoker.invokeConfigurationMethod(ConfigInvoker.java:361)\r\norg.testng.internal.invokers.ConfigInvoker.invokeConfigurations(ConfigInvoker.java:296)\r\norg.testng.SuiteRunner.privateRun(SuiteRunner.java:400)\r\norg.testng.SuiteRunner.run(SuiteRunner.java:330)\r\norg.testng.SuiteRunnerWorker.runSuite(SuiteRunnerWorker.java:52)\r\norg.testng.SuiteRunnerWorker.run(SuiteRunnerWorker.java:95)\r\norg.testng.TestNG.runSuitesSequentially(TestNG.java:1256)\r\norg.testng.TestNG.runSuitesLocally(TestNG.java:1176)\r\norg.testng.TestNG.runSuites(TestNG.java:1099)\r\norg.testng.TestNG.run(TestNG.java:1067)\r\norg.apache.maven.surefire.testng.TestNGExecutor.run(TestNGExecutor.java:151)\r\norg.apache.maven.surefire.testng.TestNGDirectoryTestSuite.executeMulti(TestNGDirectoryTestSuite.java:192)\r\norg.apache.maven.surefire.testng.TestNGDirectoryTestSuite.execute(TestNGDirectoryTestSuite.java:93)\r\norg.apache.maven.surefire.testng.TestNGProvider.invoke(TestNGProvider.java:155)\r\norg.apache.maven.surefire.booter.ForkedBooter.runSuitesInProcess(ForkedBooter.java:456)\r\norg.apache.maven.surefire.booter.ForkedBooter.execute(ForkedBooter.java:169)\r\norg.apache.maven.surefire.booter.ForkedBooter.run(ForkedBooter.java:595)\r\norg.apache.maven.surefire.booter.ForkedBooter.main(ForkedBooter.java:581)\r\n]]"}],"start":1666013762990,"stop":1666013762991}],"attachments":[],"parameters":[],"start":1666013762979,"stop":1666013762992}],"start":1666013339937,"stop":1666013762999}