{"uuid":"8cea5d1d-8e0a-44b0-aeb4-87e96f537038","historyId":"16296f5e0f0dbbbf16afe4fa62edd7f0","fullName":"SteeringCompanyPortal.AddNewCreationalPeriod.testAddNewCreationalPeriod","labels":[{"name":"package","value":"SteeringCompanyPortal.AddNewCreationalPeriod"},{"name":"testClass","value":"SteeringCompanyPortal.AddNewCreationalPeriod"},{"name":"testMethod","value":"testAddNewCreationalPeriod"},{"name":"parentSuite","value":"Suite"},{"name":"suite","value":"TASystemsAPIs"},{"name":"subSuite","value":"SteeringCompanyPortal.AddNewCreationalPeriod"},{"name":"host","value":"TW-1056"},{"name":"thread","value":"14944@TW-1056.main(1)"},{"name":"framework","value":"testng"},{"name":"language","value":"java"}],"links":[],"name":"testAddNewCreationalPeriod","status":"failed","statusDetails":{"known":false,"muted":false,"flaky":false,"message":"Failed to Click \"By.xpath: //*[@id=\"nav\"]/li[7]/a\".","trace":"java.lang.AssertionError: Failed to Click \"By.xpath: //*[@id=\"nav\"]/li[7]/a\".\r\n\tat org.testng.Assert.fail(Assert.java:98)\r\n\tat com.shaft.gui.element.WebDriverElementActions.failAction(WebDriverElementActions.java:1250)\r\n\tat com.shaft.gui.element.WebDriverElementActions.failAction(WebDriverElementActions.java:1085)\r\n\tat com.shaft.gui.element.WebDriverElementActions.click(WebDriverElementActions.java:109)\r\n\tat com.shaft.gui.element.ElementActions.click(ElementActions.java:49)\r\n\tat com.shaft.gui.element.ElementActions.click(ElementActions.java:681)\r\n\tat SteeringCompanyPortal.AddNewCreationalPeriod.LogintoPortal(AddNewCreationalPeriod.java:86)\r\n\tat SteeringCompanyPortal.AddNewCreationalPeriod.testAddNewCreationalPeriod(AddNewCreationalPeriod.java:193)\r\n\tat java.base/jdk.internal.reflect.NativeMethodAccessorImpl.invoke0(Native Method)\r\n\tat java.base/jdk.internal.reflect.NativeMethodAccessorImpl.invoke(NativeMethodAccessorImpl.java:77)\r\n\tat java.base/jdk.internal.reflect.DelegatingMethodAccessorImpl.invoke(DelegatingMethodAccessorImpl.java:43)\r\n\tat java.base/java.lang.reflect.Method.invoke(Method.java:568)\r\n\tat org.testng.internal.invokers.MethodInvocationHelper.invokeMethod(MethodInvocationHelper.java:139)\r\n\tat org.testng.internal.invokers.TestInvoker.invokeMethod(TestInvoker.java:677)\r\n\tat org.testng.internal.invokers.TestInvoker.invokeTestMethod(TestInvoker.java:221)\r\n\tat org.testng.internal.invokers.MethodRunner.runInSequence(MethodRunner.java:50)\r\n\tat org.testng.internal.invokers.TestInvoker$MethodInvocationAgent.invoke(TestInvoker.java:969)\r\n\tat org.testng.internal.invokers.TestInvoker.invokeTestMethods(TestInvoker.java:194)\r\n\tat org.testng.internal.invokers.TestMethodWorker.invokeTestMethods(TestMethodWorker.java:148)\r\n\tat org.testng.internal.invokers.TestMethodWorker.run(TestMethodWorker.java:128)\r\n\tat java.base/java.util.ArrayList.forEach(ArrayList.java:1511)\r\n\tat org.testng.TestRunner.privateRun(TestRunner.java:829)\r\n\tat org.testng.TestRunner.run(TestRunner.java:602)\r\n\tat org.testng.SuiteRunner.runTest(SuiteRunner.java:437)\r\n\tat org.testng.SuiteRunner.runSequentially(SuiteRunner.java:431)\r\n\tat org.testng.SuiteRunner.privateRun(SuiteRunner.java:391)\r\n\tat org.testng.SuiteRunner.run(SuiteRunner.java:330)\r\n\tat org.testng.SuiteRunnerWorker.runSuite(SuiteRunnerWorker.java:52)\r\n\tat org.testng.SuiteRunnerWorker.run(SuiteRunnerWorker.java:95)\r\n\tat org.testng.TestNG.runSuitesSequentially(TestNG.java:1256)\r\n\tat org.testng.TestNG.runSuitesLocally(TestNG.java:1176)\r\n\tat org.testng.TestNG.runSuites(TestNG.java:1099)\r\n\tat org.testng.TestNG.run(TestNG.java:1067)\r\n\tat com.intellij.rt.testng.IDEARemoteTestNG.run(IDEARemoteTestNG.java:66)\r\n\tat com.intellij.rt.testng.RemoteTestNGStarter.main(RemoteTestNGStarter.java:109)\r\nCaused by: java.lang.AssertionError: Failed to Click \"By.xpath: //*[@id=\"nav\"]/li[7]/a\".\r\n\tat org.testng.Assert.fail(Assert.java:98)\r\n\tat com.shaft.gui.element.WebDriverElementActions.failAction(WebDriverElementActions.java:1250)\r\n\tat com.shaft.gui.element.WebDriverElementActions.failAction(WebDriverElementActions.java:1085)\r\n\tat com.shaft.gui.element.WebDriverElementActions.click(WebDriverElementActions.java:98)\r\n\t... 31 more\r\nCaused by: org.openqa.selenium.TimeoutException: timeout: Timed out receiving message from renderer: 30.000\n  (Session info: chrome=110.0.5481.178)\nBuild info: version: '4.7.2', revision: '4d4020c3b7'\nSystem info: os.name: 'Windows 11', os.arch: 'amd64', os.version: '10.0', java.version: '17.0.2'\nDriver info: org.openqa.selenium.chrome.ChromeDriver\nCommand: [a503737cb009b4b14c34069e3d7baaa7, clickElement {id=818ee1c0-b39e-4cea-b29e-2ac8e41e8ccc}]\nCapabilities {acceptInsecureCerts: true, browserName: chrome, browserVersion: 110.0.5481.178, chrome: {chromedriverVersion: 110.0.5481.77 (65ed616c6e8e..., userDataDir: C:\\Users\\HESHAM~1\\AppData\\L...}, goog:chromeOptions: {debuggerAddress: localhost:55569}, networkConnectionEnabled: false, pageLoadStrategy: normal, platformName: WINDOWS, proxy: Proxy(), se:cdp: ws://localhost:55569/devtoo..., se:cdpVersion: 110.0.5481.178, setWindowRect: true, strictFileInteractability: false, timeouts: {implicit: 0, pageLoad: 30000, script: 30000}, unhandledPromptBehavior: accept and notify, webauthn:extension:credBlob: true, webauthn:extension:largeBlob: true, webauthn:virtualAuthenticators: true}\nElement: [[ChromeDriver: chrome on WINDOWS (a503737cb009b4b14c34069e3d7baaa7)] -> xpath: //*[@id=\"nav\"]/li[7]/a]\nSession ID: a503737cb009b4b14c34069e3d7baaa7\r\n\tat java.base/jdk.internal.reflect.NativeConstructorAccessorImpl.newInstance0(Native Method)\r\n\tat java.base/jdk.internal.reflect.NativeConstructorAccessorImpl.newInstance(NativeConstructorAccessorImpl.java:77)\r\n\tat java.base/jdk.internal.reflect.DelegatingConstructorAccessorImpl.newInstance(DelegatingConstructorAccessorImpl.java:45)\r\n\tat java.base/java.lang.reflect.Constructor.newInstanceWithCaller(Constructor.java:499)\r\n\tat java.base/java.lang.reflect.Constructor.newInstance(Constructor.java:480)\r\n\tat org.openqa.selenium.remote.codec.w3c.W3CHttpResponseCodec.createException(W3CHttpResponseCodec.java:200)\r\n\tat org.openqa.selenium.remote.codec.w3c.W3CHttpResponseCodec.decode(W3CHttpResponseCodec.java:133)\r\n\tat org.openqa.selenium.remote.codec.w3c.W3CHttpResponseCodec.decode(W3CHttpResponseCodec.java:53)\r\n\tat org.openqa.selenium.remote.HttpCommandExecutor.execute(HttpCommandExecutor.java:184)\r\n\tat org.openqa.selenium.remote.service.DriverCommandExecutor.invokeExecute(DriverCommandExecutor.java:167)\r\n\tat org.openqa.selenium.remote.service.DriverCommandExecutor.execute(DriverCommandExecutor.java:142)\r\n\tat org.openqa.selenium.remote.RemoteWebDriver.execute(RemoteWebDriver.java:535)\r\n\tat org.openqa.selenium.remote.RemoteWebElement.execute(RemoteWebElement.java:257)\r\n\tat org.openqa.selenium.remote.RemoteWebElement.click(RemoteWebElement.java:78)\r\n\tat com.shaft.gui.element.WebDriverElementActions.click(WebDriverElementActions.java:85)\r\n\t... 31 more\r\n"},"stage":"finished","steps":[{"name":"An Exception Occured with this Message: timeout: Timed out receiving message from renderer: 30.000.","status":"passed","stage":"finished","steps":[],"attachments":[{"name":"Exception Stack Trace - org.openqa.selenium.TimeoutException","source":"1adb7ec3-73c0-46ee-9907-2f28d33e13c6-attachment"}],"parameters":[{"name":"logText","value":"An Exception Occured with this Message: timeout: Timed out receiving message from renderer: 30.000."},{"name":"attachments","value":"[[Exception Stack Trace, org.openqa.selenium.TimeoutException, org.openqa.selenium.TimeoutException:\r\ntimeout: Timed out receiving message from renderer: 30.000\n  (Session info: chrome=110.0.5481.178)\nBuild info: version: '4.7.2', revision: '4d4020c3b7'\nSystem info: os.name: 'Windows 11', os.arch: 'amd64', os.version: '10.0', java.version: '17.0.2'\nDriver info: org.openqa.selenium.chrome.ChromeDriver\nCommand: [a503737cb009b4b14c34069e3d7baaa7, clickElement {id=818ee1c0-b39e-4cea-b29e-2ac8e41e8ccc}]\nCapabilities {acceptInsecureCerts: true, browserName: chrome, browserVersion: 110.0.5481.178, chrome: {chromedriverVersion: 110.0.5481.77 (65ed616c6e8e..., userDataDir: C:\\Users\\HESHAM~1\\AppData\\L...}, goog:chromeOptions: {debuggerAddress: localhost:55569}, networkConnectionEnabled: false, pageLoadStrategy: normal, platformName: WINDOWS, proxy: Proxy(), se:cdp: ws://localhost:55569/devtoo..., se:cdpVersion: 110.0.5481.178, setWindowRect: true, strictFileInteractability: false, timeouts: {implicit: 0, pageLoad: 30000, script: 30000}, unhandledPromptBehavior: accept and notify, webauthn:extension:credBlob: true, webauthn:extension:largeBlob: true, webauthn:virtualAuthenticators: true}\nElement: [[ChromeDriver: chrome on WINDOWS (a503737cb009b4b14c34069e3d7baaa7)] -> xpath: //*[@id=\"nav\"]/li[7]/a]\nSession ID: a503737cb009b4b14c34069e3d7baaa7\r\njava.base/jdk.internal.reflect.NativeConstructorAccessorImpl.newInstance0(Native Method)\r\njava.base/jdk.internal.reflect.NativeConstructorAccessorImpl.newInstance(NativeConstructorAccessorImpl.java:77)\r\njava.base/jdk.internal.reflect.DelegatingConstructorAccessorImpl.newInstance(DelegatingConstructorAccessorImpl.java:45)\r\njava.base/java.lang.reflect.Constructor.newInstanceWithCaller(Constructor.java:499)\r\njava.base/java.lang.reflect.Constructor.newInstance(Constructor.java:480)\r\norg.openqa.selenium.remote.codec.w3c.W3CHttpResponseCodec.createException(W3CHttpResponseCodec.java:200)\r\norg.openqa.selenium.remote.codec.w3c.W3CHttpResponseCodec.decode(W3CHttpResponseCodec.java:133)\r\norg.openqa.selenium.remote.codec.w3c.W3CHttpResponseCodec.decode(W3CHttpResponseCodec.java:53)\r\norg.openqa.selenium.remote.HttpCommandExecutor.execute(HttpCommandExecutor.java:184)\r\norg.openqa.selenium.remote.service.DriverCommandExecutor.invokeExecute(DriverCommandExecutor.java:167)\r\norg.openqa.selenium.remote.service.DriverCommandExecutor.execute(DriverCommandExecutor.java:142)\r\norg.openqa.selenium.remote.RemoteWebDriver.execute(RemoteWebDriver.java:535)\r\norg.openqa.selenium.remote.RemoteWebElement.execute(RemoteWebElement.java:257)\r\norg.openqa.selenium.remote.RemoteWebElement.click(RemoteWebElement.java:78)\r\ncom.shaft.gui.element.WebDriverElementActions.click(WebDriverElementActions.java:85)\r\ncom.shaft.gui.element.ElementActions.click(ElementActions.java:49)\r\ncom.shaft.gui.element.ElementActions.click(ElementActions.java:681)\r\nSteeringCompanyPortal.AddNewCreationalPeriod.LogintoPortal(AddNewCreationalPeriod.java:86)\r\nSteeringCompanyPortal.AddNewCreationalPeriod.testAddNewCreationalPeriod(AddNewCreationalPeriod.java:193)\r\njava.base/jdk.internal.reflect.NativeMethodAccessorImpl.invoke0(Native Method)\r\njava.base/jdk.internal.reflect.NativeMethodAccessorImpl.invoke(NativeMethodAccessorImpl.java:77)\r\njava.base/jdk.internal.reflect.DelegatingMethodAccessorImpl.invoke(DelegatingMethodAccessorImpl.java:43)\r\njava.base/java.lang.reflect.Method.invoke(Method.java:568)\r\norg.testng.internal.invokers.MethodInvocationHelper.invokeMethod(MethodInvocationHelper.java:139)\r\norg.testng.internal.invokers.TestInvoker.invokeMethod(TestInvoker.java:677)\r\norg.testng.internal.invokers.TestInvoker.invokeTestMethod(TestInvoker.java:221)\r\norg.testng.internal.invokers.MethodRunner.runInSequence(MethodRunner.java:50)\r\norg.testng.internal.invokers.TestInvoker$MethodInvocationAgent.invoke(TestInvoker.java:969)\r\norg.testng.internal.invokers.TestInvoker.invokeTestMethods(TestInvoker.java:194)\r\norg.testng.internal.invokers.TestMethodWorker.invokeTestMethods(TestMethodWorker.java:148)\r\norg.testng.internal.invokers.TestMethodWorker.run(TestMethodWorker.java:128)\r\njava.base/java.util.ArrayList.forEach(ArrayList.java:1511)\r\norg.testng.TestRunner.privateRun(TestRunner.java:829)\r\norg.testng.TestRunner.run(TestRunner.java:602)\r\norg.testng.SuiteRunner.runTest(SuiteRunner.java:437)\r\norg.testng.SuiteRunner.runSequentially(SuiteRunner.java:431)\r\norg.testng.SuiteRunner.privateRun(SuiteRunner.java:391)\r\norg.testng.SuiteRunner.run(SuiteRunner.java:330)\r\norg.testng.SuiteRunnerWorker.runSuite(SuiteRunnerWorker.java:52)\r\norg.testng.SuiteRunnerWorker.run(SuiteRunnerWorker.java:95)\r\norg.testng.TestNG.runSuitesSequentially(TestNG.java:1256)\r\norg.testng.TestNG.runSuitesLocally(TestNG.java:1176)\r\norg.testng.TestNG.runSuites(TestNG.java:1099)\r\norg.testng.TestNG.run(TestNG.java:1067)\r\ncom.intellij.rt.testng.IDEARemoteTestNG.run(IDEARemoteTestNG.java:66)\r\ncom.intellij.rt.testng.RemoteTestNGStarter.main(RemoteTestNGStarter.java:109)\r\n]]"}],"start":1678054862995,"stop":1678054863005},{"name":"An Exception Occured with this Message: java.util.concurrent.TimeoutException.","status":"passed","stage":"finished","steps":[],"attachments":[{"name":"Exception Stack Trace - org.openqa.selenium.TimeoutException","source":"8089a32c-bc3f-46fc-971d-7bbe6351f64a-attachment"}],"parameters":[{"name":"logText","value":"An Exception Occured with this Message: java.util.concurrent.TimeoutException."},{"name":"attachments","value":"[[Exception Stack Trace, org.openqa.selenium.TimeoutException, org.openqa.selenium.TimeoutException:\r\njava.util.concurrent.TimeoutException\nBuild info: version: '4.7.2', revision: '4d4020c3b7'\nSystem info: os.name: 'Windows 11', os.arch: 'amd64', os.version: '10.0', java.version: '17.0.2'\nDriver info: org.openqa.selenium.chrome.ChromeDriver\nCommand: [a503737cb009b4b14c34069e3d7baaa7, executeCdpCommand {cmd=Page.captureScreenshot, params={fromSurface=true, optimizeForSpeed=true, captureBeyondViewport=true, clip={width=1920, x=0, y=0, scale=1, height=932}}}]\nCapabilities {acceptInsecureCerts: true, browserName: chrome, browserVersion: 110.0.5481.178, chrome: {chromedriverVersion: 110.0.5481.77 (65ed616c6e8e..., userDataDir: C:\\Users\\HESHAM~1\\AppData\\L...}, goog:chromeOptions: {debuggerAddress: localhost:55569}, networkConnectionEnabled: false, pageLoadStrategy: normal, platformName: WINDOWS, proxy: Proxy(), se:cdp: ws://localhost:55569/devtoo..., se:cdpVersion: 110.0.5481.178, setWindowRect: true, strictFileInteractability: false, timeouts: {implicit: 0, pageLoad: 30000, script: 30000}, unhandledPromptBehavior: accept and notify, webauthn:extension:credBlob: true, webauthn:extension:largeBlob: true, webauthn:virtualAuthenticators: true}\nSession ID: a503737cb009b4b14c34069e3d7baaa7\r\norg.openqa.selenium.remote.http.netty.NettyHttpHandler.makeCall(NettyHttpHandler.java:65)\r\norg.openqa.selenium.remote.http.AddSeleniumUserAgent.lambda$apply$0(AddSeleniumUserAgent.java:42)\r\norg.openqa.selenium.remote.http.Filter.lambda$andFinally$1(Filter.java:56)\r\norg.openqa.selenium.remote.http.netty.NettyHttpHandler.execute(NettyHttpHandler.java:49)\r\norg.openqa.selenium.remote.http.AddSeleniumUserAgent.lambda$apply$0(AddSeleniumUserAgent.java:42)\r\norg.openqa.selenium.remote.http.Filter.lambda$andFinally$1(Filter.java:56)\r\norg.openqa.selenium.remote.http.netty.NettyClient.execute(NettyClient.java:99)\r\norg.openqa.selenium.remote.HttpCommandExecutor.execute(HttpCommandExecutor.java:181)\r\norg.openqa.selenium.remote.service.DriverCommandExecutor.invokeExecute(DriverCommandExecutor.java:167)\r\norg.openqa.selenium.remote.service.DriverCommandExecutor.execute(DriverCommandExecutor.java:142)\r\norg.openqa.selenium.remote.RemoteWebDriver.execute(RemoteWebDriver.java:535)\r\norg.openqa.selenium.remote.RemoteWebDriver.execute(RemoteWebDriver.java:590)\r\norg.openqa.selenium.remote.RemoteExecuteMethod.execute(RemoteExecuteMethod.java:40)\r\norg.openqa.selenium.chromium.AddHasCdp$1.executeCdpCommand(AddHasCdp.java:58)\r\norg.openqa.selenium.chromium.ChromiumDriver.executeCdpCommand(ChromiumDriver.java:212)\r\ncom.shaft.gui.image.ScreenshotHelper.makeFullScreenshot(ScreenshotHelper.java:56)\r\ncom.shaft.gui.image.ScreenshotManager.takeFullPageScreenshot(ScreenshotManager.java:228)\r\ncom.shaft.gui.image.ScreenshotManager.takeScreenshot(ScreenshotManager.java:398)\r\ncom.shaft.gui.image.ScreenshotManager.internalCaptureScreenShot(ScreenshotManager.java:346)\r\ncom.shaft.gui.image.ScreenshotManager.captureScreenShot(ScreenshotManager.java:96)\r\ncom.shaft.gui.element.WebDriverElementActions.takeScreenshot(WebDriverElementActions.java:1126)\r\ncom.shaft.gui.element.WebDriverElementActions.createReportAttachments(WebDriverElementActions.java:1459)\r\ncom.shaft.gui.element.WebDriverElementActions.reportActionResult(WebDriverElementActions.java:1470)\r\ncom.shaft.gui.element.WebDriverElementActions.failAction(WebDriverElementActions.java:1246)\r\ncom.shaft.gui.element.WebDriverElementActions.failAction(WebDriverElementActions.java:1085)\r\ncom.shaft.gui.element.WebDriverElementActions.click(WebDriverElementActions.java:109)\r\ncom.shaft.gui.element.ElementActions.click(ElementActions.java:49)\r\ncom.shaft.gui.element.ElementActions.click(ElementActions.java:681)\r\nSteeringCompanyPortal.AddNewCreationalPeriod.LogintoPortal(AddNewCreationalPeriod.java:86)\r\nSteeringCompanyPortal.AddNewCreationalPeriod.testAddNewCreationalPeriod(AddNewCreationalPeriod.java:193)\r\njava.base/jdk.internal.reflect.NativeMethodAccessorImpl.invoke0(Native Method)\r\njava.base/jdk.internal.reflect.NativeMethodAccessorImpl.invoke(NativeMethodAccessorImpl.java:77)\r\njava.base/jdk.internal.reflect.DelegatingMethodAccessorImpl.invoke(DelegatingMethodAccessorImpl.java:43)\r\njava.base/java.lang.reflect.Method.invoke(Method.java:568)\r\norg.testng.internal.invokers.MethodInvocationHelper.invokeMethod(MethodInvocationHelper.java:139)\r\norg.testng.internal.invokers.TestInvoker.invokeMethod(TestInvoker.java:677)\r\norg.testng.internal.invokers.TestInvoker.invokeTestMethod(TestInvoker.java:221)\r\norg.testng.internal.invokers.MethodRunner.runInSequence(MethodRunner.java:50)\r\norg.testng.internal.invokers.TestInvoker$MethodInvocationAgent.invoke(TestInvoker.java:969)\r\norg.testng.internal.invokers.TestInvoker.invokeTestMethods(TestInvoker.java:194)\r\norg.testng.internal.invokers.TestMethodWorker.invokeTestMethods(TestMethodWorker.java:148)\r\norg.testng.internal.invokers.TestMethodWorker.run(TestMethodWorker.java:128)\r\njava.base/java.util.ArrayList.forEach(ArrayList.java:1511)\r\norg.testng.TestRunner.privateRun(TestRunner.java:829)\r\norg.testng.TestRunner.run(TestRunner.java:602)\r\norg.testng.SuiteRunner.runTest(SuiteRunner.java:437)\r\norg.testng.SuiteRunner.runSequentially(SuiteRunner.java:431)\r\norg.testng.SuiteRunner.privateRun(SuiteRunner.java:391)\r\norg.testng.SuiteRunner.run(SuiteRunner.java:330)\r\norg.testng.SuiteRunnerWorker.runSuite(SuiteRunnerWorker.java:52)\r\norg.testng.SuiteRunnerWorker.run(SuiteRunnerWorker.java:95)\r\norg.testng.TestNG.runSuitesSequentially(TestNG.java:1256)\r\norg.testng.TestNG.runSuitesLocally(TestNG.java:1176)\r\norg.testng.TestNG.runSuites(TestNG.java:1099)\r\norg.testng.TestNG.run(TestNG.java:1067)\r\ncom.intellij.rt.testng.IDEARemoteTestNG.run(IDEARemoteTestNG.java:66)\r\ncom.intellij.rt.testng.RemoteTestNGStarter.main(RemoteTestNGStarter.java:109)\r\n\r\nCaused by: java.util.concurrent.TimeoutException:\r\nnull\r\njava.base/java.util.concurrent.CompletableFuture.timedGet(CompletableFuture.java:1960)\r\njava.base/java.util.concurrent.CompletableFuture.get(CompletableFuture.java:2095)\r\norg.asynchttpclient.netty.NettyResponseFuture.get(NettyResponseFuture.java:206)\r\norg.openqa.selenium.remote.http.netty.NettyHttpHandler.makeCall(NettyHttpHandler.java:59)\r\norg.openqa.selenium.remote.http.AddSeleniumUserAgent.lambda$apply$0(AddSeleniumUserAgent.java:42)\r\norg.openqa.selenium.remote.http.Filter.lambda$andFinally$1(Filter.java:56)\r\norg.openqa.selenium.remote.http.netty.NettyHttpHandler.execute(NettyHttpHandler.java:49)\r\norg.openqa.selenium.remote.http.AddSeleniumUserAgent.lambda$apply$0(AddSeleniumUserAgent.java:42)\r\norg.openqa.selenium.remote.http.Filter.lambda$andFinally$1(Filter.java:56)\r\norg.openqa.selenium.remote.http.netty.NettyClient.execute(NettyClient.java:99)\r\norg.openqa.selenium.remote.HttpCommandExecutor.execute(HttpCommandExecutor.java:181)\r\norg.openqa.selenium.remote.service.DriverCommandExecutor.invokeExecute(DriverCommandExecutor.java:167)\r\norg.openqa.selenium.remote.service.DriverCommandExecutor.execute(DriverCommandExecutor.java:142)\r\norg.openqa.selenium.remote.RemoteWebDriver.execute(RemoteWebDriver.java:535)\r\norg.openqa.selenium.remote.RemoteWebDriver.execute(RemoteWebDriver.java:590)\r\norg.openqa.selenium.remote.RemoteExecuteMethod.execute(RemoteExecuteMethod.java:40)\r\norg.openqa.selenium.chromium.AddHasCdp$1.executeCdpCommand(AddHasCdp.java:58)\r\norg.openqa.selenium.chromium.ChromiumDriver.executeCdpCommand(ChromiumDriver.java:212)\r\ncom.shaft.gui.image.ScreenshotHelper.makeFullScreenshot(ScreenshotHelper.java:56)\r\ncom.shaft.gui.image.ScreenshotManager.takeFullPageScreenshot(ScreenshotManager.java:228)\r\ncom.shaft.gui.image.ScreenshotManager.takeScreenshot(ScreenshotManager.java:398)\r\ncom.shaft.gui.image.ScreenshotManager.internalCaptureScreenShot(ScreenshotManager.java:346)\r\ncom.shaft.gui.image.ScreenshotManager.captureScreenShot(ScreenshotManager.java:96)\r\ncom.shaft.gui.element.WebDriverElementActions.takeScreenshot(WebDriverElementActions.java:1126)\r\ncom.shaft.gui.element.WebDriverElementActions.createReportAttachments(WebDriverElementActions.java:1459)\r\ncom.shaft.gui.element.WebDriverElementActions.reportActionResult(WebDriverElementActions.java:1470)\r\ncom.shaft.gui.element.WebDriverElementActions.failAction(WebDriverElementActions.java:1246)\r\ncom.shaft.gui.element.WebDriverElementActions.failAction(WebDriverElementActions.java:1085)\r\ncom.shaft.gui.element.WebDriverElementActions.click(WebDriverElementActions.java:109)\r\ncom.shaft.gui.element.ElementActions.click(ElementActions.java:49)\r\ncom.shaft.gui.element.ElementActions.click(ElementActions.java:681)\r\nSteeringCompanyPortal.AddNewCreationalPeriod.LogintoPortal(AddNewCreationalPeriod.java:86)\r\nSteeringCompanyPortal.AddNewCreationalPeriod.testAddNewCreationalPeriod(AddNewCreationalPeriod.java:193)\r\njava.base/jdk.internal.reflect.NativeMethodAccessorImpl.invoke0(Native Method)\r\njava.base/jdk.internal.reflect.NativeMethodAccessorImpl.invoke(NativeMethodAccessorImpl.java:77)\r\njava.base/jdk.internal.reflect.DelegatingMethodAccessorImpl.invoke(DelegatingMethodAccessorImpl.java:43)\r\njava.base/java.lang.reflect.Method.invoke(Method.java:568)\r\norg.testng.internal.invokers.MethodInvocationHelper.invokeMethod(MethodInvocationHelper.java:139)\r\norg.testng.internal.invokers.TestInvoker.invokeMethod(TestInvoker.java:677)\r\norg.testng.internal.invokers.TestInvoker.invokeTestMethod(TestInvoker.java:221)\r\norg.testng.internal.invokers.MethodRunner.runInSequence(MethodRunner.java:50)\r\norg.testng.internal.invokers.TestInvoker$MethodInvocationAgent.invoke(TestInvoker.java:969)\r\norg.testng.internal.invokers.TestInvoker.invokeTestMethods(TestInvoker.java:194)\r\norg.testng.internal.invokers.TestMethodWorker.invokeTestMethods(TestMethodWorker.java:148)\r\norg.testng.internal.invokers.TestMethodWorker.run(TestMethodWorker.java:128)\r\njava.base/java.util.ArrayList.forEach(ArrayList.java:1511)\r\norg.testng.TestRunner.privateRun(TestRunner.java:829)\r\norg.testng.TestRunner.run(TestRunner.java:602)\r\norg.testng.SuiteRunner.runTest(SuiteRunner.java:437)\r\norg.testng.SuiteRunner.runSequentially(SuiteRunner.java:431)\r\norg.testng.SuiteRunner.privateRun(SuiteRunner.java:391)\r\norg.testng.SuiteRunner.run(SuiteRunner.java:330)\r\norg.testng.SuiteRunnerWorker.runSuite(SuiteRunnerWorker.java:52)\r\norg.testng.SuiteRunnerWorker.run(SuiteRunnerWorker.java:95)\r\norg.testng.TestNG.runSuitesSequentially(TestNG.java:1256)\r\norg.testng.TestNG.runSuitesLocally(TestNG.java:1176)\r\norg.testng.TestNG.runSuites(TestNG.java:1099)\r\norg.testng.TestNG.run(TestNG.java:1067)\r\ncom.intellij.rt.testng.IDEARemoteTestNG.run(IDEARemoteTestNG.java:66)\r\ncom.intellij.rt.testng.RemoteTestNGStarter.main(RemoteTestNGStarter.java:109)\r\n]]"}],"start":1678055043084,"stop":1678055043086},{"name":"An Exception Occured with this Message: java.util.concurrent.TimeoutException.","status":"passed","stage":"finished","steps":[],"attachments":[{"name":"Exception Stack Trace - org.openqa.selenium.TimeoutException","source":"c39ca2b5-7d85-4e43-937f-74123d5c45fd-attachment"}],"parameters":[{"name":"logText","value":"An Exception Occured with this Message: java.util.concurrent.TimeoutException."},{"name":"attachments","value":"[[Exception Stack Trace, org.openqa.selenium.TimeoutException, org.openqa.selenium.TimeoutException:\r\njava.util.concurrent.TimeoutException\nBuild info: version: '4.7.2', revision: '4d4020c3b7'\nSystem info: os.name: 'Windows 11', os.arch: 'amd64', os.version: '10.0', java.version: '17.0.2'\nDriver info: org.openqa.selenium.chrome.ChromeDriver\nCommand: [a503737cb009b4b14c34069e3d7baaa7, screenshot {}]\nCapabilities {acceptInsecureCerts: true, browserName: chrome, browserVersion: 110.0.5481.178, chrome: {chromedriverVersion: 110.0.5481.77 (65ed616c6e8e..., userDataDir: C:\\Users\\HESHAM~1\\AppData\\L...}, goog:chromeOptions: {debuggerAddress: localhost:55569}, networkConnectionEnabled: false, pageLoadStrategy: normal, platformName: WINDOWS, proxy: Proxy(), se:cdp: ws://localhost:55569/devtoo..., se:cdpVersion: 110.0.5481.178, setWindowRect: true, strictFileInteractability: false, timeouts: {implicit: 0, pageLoad: 30000, script: 30000}, unhandledPromptBehavior: accept and notify, webauthn:extension:credBlob: true, webauthn:extension:largeBlob: true, webauthn:virtualAuthenticators: true}\nSession ID: a503737cb009b4b14c34069e3d7baaa7\r\norg.openqa.selenium.remote.http.netty.NettyHttpHandler.makeCall(NettyHttpHandler.java:65)\r\norg.openqa.selenium.remote.http.AddSeleniumUserAgent.lambda$apply$0(AddSeleniumUserAgent.java:42)\r\norg.openqa.selenium.remote.http.Filter.lambda$andFinally$1(Filter.java:56)\r\norg.openqa.selenium.remote.http.netty.NettyHttpHandler.execute(NettyHttpHandler.java:49)\r\norg.openqa.selenium.remote.http.AddSeleniumUserAgent.lambda$apply$0(AddSeleniumUserAgent.java:42)\r\norg.openqa.selenium.remote.http.Filter.lambda$andFinally$1(Filter.java:56)\r\norg.openqa.selenium.remote.http.netty.NettyClient.execute(NettyClient.java:99)\r\norg.openqa.selenium.remote.HttpCommandExecutor.execute(HttpCommandExecutor.java:181)\r\norg.openqa.selenium.remote.service.DriverCommandExecutor.invokeExecute(DriverCommandExecutor.java:167)\r\norg.openqa.selenium.remote.service.DriverCommandExecutor.execute(DriverCommandExecutor.java:142)\r\norg.openqa.selenium.remote.RemoteWebDriver.execute(RemoteWebDriver.java:535)\r\norg.openqa.selenium.remote.RemoteWebDriver.execute(RemoteWebDriver.java:590)\r\norg.openqa.selenium.remote.RemoteWebDriver.execute(RemoteWebDriver.java:594)\r\norg.openqa.selenium.remote.RemoteWebDriver.getScreenshotAs(RemoteWebDriver.java:317)\r\ncom.shaft.gui.image.ScreenshotManager.takeFullPageScreenshot(ScreenshotManager.java:232)\r\ncom.shaft.gui.image.ScreenshotManager.takeScreenshot(ScreenshotManager.java:398)\r\ncom.shaft.gui.image.ScreenshotManager.internalCaptureScreenShot(ScreenshotManager.java:346)\r\ncom.shaft.gui.image.ScreenshotManager.captureScreenShot(ScreenshotManager.java:96)\r\ncom.shaft.gui.element.WebDriverElementActions.takeScreenshot(WebDriverElementActions.java:1126)\r\ncom.shaft.gui.element.WebDriverElementActions.createReportAttachments(WebDriverElementActions.java:1459)\r\ncom.shaft.gui.element.WebDriverElementActions.reportActionResult(WebDriverElementActions.java:1470)\r\ncom.shaft.gui.element.WebDriverElementActions.failAction(WebDriverElementActions.java:1246)\r\ncom.shaft.gui.element.WebDriverElementActions.failAction(WebDriverElementActions.java:1085)\r\ncom.shaft.gui.element.WebDriverElementActions.click(WebDriverElementActions.java:109)\r\ncom.shaft.gui.element.ElementActions.click(ElementActions.java:49)\r\ncom.shaft.gui.element.ElementActions.click(ElementActions.java:681)\r\nSteeringCompanyPortal.AddNewCreationalPeriod.LogintoPortal(AddNewCreationalPeriod.java:86)\r\nSteeringCompanyPortal.AddNewCreationalPeriod.testAddNewCreationalPeriod(AddNewCreationalPeriod.java:193)\r\njava.base/jdk.internal.reflect.NativeMethodAccessorImpl.invoke0(Native Method)\r\njava.base/jdk.internal.reflect.NativeMethodAccessorImpl.invoke(NativeMethodAccessorImpl.java:77)\r\njava.base/jdk.internal.reflect.DelegatingMethodAccessorImpl.invoke(DelegatingMethodAccessorImpl.java:43)\r\njava.base/java.lang.reflect.Method.invoke(Method.java:568)\r\norg.testng.internal.invokers.MethodInvocationHelper.invokeMethod(MethodInvocationHelper.java:139)\r\norg.testng.internal.invokers.TestInvoker.invokeMethod(TestInvoker.java:677)\r\norg.testng.internal.invokers.TestInvoker.invokeTestMethod(TestInvoker.java:221)\r\norg.testng.internal.invokers.MethodRunner.runInSequence(MethodRunner.java:50)\r\norg.testng.internal.invokers.TestInvoker$MethodInvocationAgent.invoke(TestInvoker.java:969)\r\norg.testng.internal.invokers.TestInvoker.invokeTestMethods(TestInvoker.java:194)\r\norg.testng.internal.invokers.TestMethodWorker.invokeTestMethods(TestMethodWorker.java:148)\r\norg.testng.internal.invokers.TestMethodWorker.run(TestMethodWorker.java:128)\r\njava.base/java.util.ArrayList.forEach(ArrayList.java:1511)\r\norg.testng.TestRunner.privateRun(TestRunner.java:829)\r\norg.testng.TestRunner.run(TestRunner.java:602)\r\norg.testng.SuiteRunner.runTest(SuiteRunner.java:437)\r\norg.testng.SuiteRunner.runSequentially(SuiteRunner.java:431)\r\norg.testng.SuiteRunner.privateRun(SuiteRunner.java:391)\r\norg.testng.SuiteRunner.run(SuiteRunner.java:330)\r\norg.testng.SuiteRunnerWorker.runSuite(SuiteRunnerWorker.java:52)\r\norg.testng.SuiteRunnerWorker.run(SuiteRunnerWorker.java:95)\r\norg.testng.TestNG.runSuitesSequentially(TestNG.java:1256)\r\norg.testng.TestNG.runSuitesLocally(TestNG.java:1176)\r\norg.testng.TestNG.runSuites(TestNG.java:1099)\r\norg.testng.TestNG.run(TestNG.java:1067)\r\ncom.intellij.rt.testng.IDEARemoteTestNG.run(IDEARemoteTestNG.java:66)\r\ncom.intellij.rt.testng.RemoteTestNGStarter.main(RemoteTestNGStarter.java:109)\r\n\r\nCaused by: java.util.concurrent.TimeoutException:\r\nnull\r\njava.base/java.util.concurrent.CompletableFuture.timedGet(CompletableFuture.java:1960)\r\njava.base/java.util.concurrent.CompletableFuture.get(CompletableFuture.java:2095)\r\norg.asynchttpclient.netty.NettyResponseFuture.get(NettyResponseFuture.java:206)\r\norg.openqa.selenium.remote.http.netty.NettyHttpHandler.makeCall(NettyHttpHandler.java:59)\r\norg.openqa.selenium.remote.http.AddSeleniumUserAgent.lambda$apply$0(AddSeleniumUserAgent.java:42)\r\norg.openqa.selenium.remote.http.Filter.lambda$andFinally$1(Filter.java:56)\r\norg.openqa.selenium.remote.http.netty.NettyHttpHandler.execute(NettyHttpHandler.java:49)\r\norg.openqa.selenium.remote.http.AddSeleniumUserAgent.lambda$apply$0(AddSeleniumUserAgent.java:42)\r\norg.openqa.selenium.remote.http.Filter.lambda$andFinally$1(Filter.java:56)\r\norg.openqa.selenium.remote.http.netty.NettyClient.execute(NettyClient.java:99)\r\norg.openqa.selenium.remote.HttpCommandExecutor.execute(HttpCommandExecutor.java:181)\r\norg.openqa.selenium.remote.service.DriverCommandExecutor.invokeExecute(DriverCommandExecutor.java:167)\r\norg.openqa.selenium.remote.service.DriverCommandExecutor.execute(DriverCommandExecutor.java:142)\r\norg.openqa.selenium.remote.RemoteWebDriver.execute(RemoteWebDriver.java:535)\r\norg.openqa.selenium.remote.RemoteWebDriver.execute(RemoteWebDriver.java:590)\r\norg.openqa.selenium.remote.RemoteWebDriver.execute(RemoteWebDriver.java:594)\r\norg.openqa.selenium.remote.RemoteWebDriver.getScreenshotAs(RemoteWebDriver.java:317)\r\ncom.shaft.gui.image.ScreenshotManager.takeFullPageScreenshot(ScreenshotManager.java:232)\r\ncom.shaft.gui.image.ScreenshotManager.takeScreenshot(ScreenshotManager.java:398)\r\ncom.shaft.gui.image.ScreenshotManager.internalCaptureScreenShot(ScreenshotManager.java:346)\r\ncom.shaft.gui.image.ScreenshotManager.captureScreenShot(ScreenshotManager.java:96)\r\ncom.shaft.gui.element.WebDriverElementActions.takeScreenshot(WebDriverElementActions.java:1126)\r\ncom.shaft.gui.element.WebDriverElementActions.createReportAttachments(WebDriverElementActions.java:1459)\r\ncom.shaft.gui.element.WebDriverElementActions.reportActionResult(WebDriverElementActions.java:1470)\r\ncom.shaft.gui.element.WebDriverElementActions.failAction(WebDriverElementActions.java:1246)\r\ncom.shaft.gui.element.WebDriverElementActions.failAction(WebDriverElementActions.java:1085)\r\ncom.shaft.gui.element.WebDriverElementActions.click(WebDriverElementActions.java:109)\r\ncom.shaft.gui.element.ElementActions.click(ElementActions.java:49)\r\ncom.shaft.gui.element.ElementActions.click(ElementActions.java:681)\r\nSteeringCompanyPortal.AddNewCreationalPeriod.LogintoPortal(AddNewCreationalPeriod.java:86)\r\nSteeringCompanyPortal.AddNewCreationalPeriod.testAddNewCreationalPeriod(AddNewCreationalPeriod.java:193)\r\njava.base/jdk.internal.reflect.NativeMethodAccessorImpl.invoke0(Native Method)\r\njava.base/jdk.internal.reflect.NativeMethodAccessorImpl.invoke(NativeMethodAccessorImpl.java:77)\r\njava.base/jdk.internal.reflect.DelegatingMethodAccessorImpl.invoke(DelegatingMethodAccessorImpl.java:43)\r\njava.base/java.lang.reflect.Method.invoke(Method.java:568)\r\norg.testng.internal.invokers.MethodInvocationHelper.invokeMethod(MethodInvocationHelper.java:139)\r\norg.testng.internal.invokers.TestInvoker.invokeMethod(TestInvoker.java:677)\r\norg.testng.internal.invokers.TestInvoker.invokeTestMethod(TestInvoker.java:221)\r\norg.testng.internal.invokers.MethodRunner.runInSequence(MethodRunner.java:50)\r\norg.testng.internal.invokers.TestInvoker$MethodInvocationAgent.invoke(TestInvoker.java:969)\r\norg.testng.internal.invokers.TestInvoker.invokeTestMethods(TestInvoker.java:194)\r\norg.testng.internal.invokers.TestMethodWorker.invokeTestMethods(TestMethodWorker.java:148)\r\norg.testng.internal.invokers.TestMethodWorker.run(TestMethodWorker.java:128)\r\njava.base/java.util.ArrayList.forEach(ArrayList.java:1511)\r\norg.testng.TestRunner.privateRun(TestRunner.java:829)\r\norg.testng.TestRunner.run(TestRunner.java:602)\r\norg.testng.SuiteRunner.runTest(SuiteRunner.java:437)\r\norg.testng.SuiteRunner.runSequentially(SuiteRunner.java:431)\r\norg.testng.SuiteRunner.privateRun(SuiteRunner.java:391)\r\norg.testng.SuiteRunner.run(SuiteRunner.java:330)\r\norg.testng.SuiteRunnerWorker.runSuite(SuiteRunnerWorker.java:52)\r\norg.testng.SuiteRunnerWorker.run(SuiteRunnerWorker.java:95)\r\norg.testng.TestNG.runSuitesSequentially(TestNG.java:1256)\r\norg.testng.TestNG.runSuitesLocally(TestNG.java:1176)\r\norg.testng.TestNG.runSuites(TestNG.java:1099)\r\norg.testng.TestNG.run(TestNG.java:1067)\r\ncom.intellij.rt.testng.IDEARemoteTestNG.run(IDEARemoteTestNG.java:66)\r\ncom.intellij.rt.testng.RemoteTestNGStarter.main(RemoteTestNGStarter.java:109)\r\n]]"}],"start":1678055223104,"stop":1678055223108},{"name":"Failed to Click \"By.xpath: //*[@id=\"nav\"]/li[7]/a\".","status":"passed","stage":"finished","steps":[],"attachments":[],"parameters":[{"name":"logText","value":"Failed to Click \"By.xpath: //*[@id=\"nav\"]/li[7]/a\"."}],"start":1678055223108,"stop":1678055223110}],"attachments":[{"name":"SHAFT Engine Logs - Current Method log: testAddNewCreationalPeriod","source":"4502e15a-2b93-4e49-9d49-1650577c950e-attachment.txt","type":"text/plain"}],"parameters":[],"start":1678054832486,"stop":1678055223144}