{"uuid":"bca3651b-e95b-41fe-8964-f299977cead5","historyId":"eaa8b0f88e2df63049b22cc26423ffed","fullName":"SteeringCompanyAPI_TestCases.Test_Token_Cases.Bad_Token_RQ_TC","labels":[{"name":"package","value":"SteeringCompanyAPI_TestCases.Test_Token_Cases"},{"name":"testClass","value":"SteeringCompanyAPI_TestCases.Test_Token_Cases"},{"name":"testMethod","value":"Bad_Token_RQ_TC"},{"name":"parentSuite","value":"Suite"},{"name":"suite","value":"Test"},{"name":"subSuite","value":"SteeringCompanyAPI_TestCases.Test_Token_Cases"},{"name":"host","value":"TW-1056"},{"name":"thread","value":"17068@TW-1056.main(1)"},{"name":"framework","value":"testng"},{"name":"language","value":"java"}],"links":[],"name":"TC003 - Peform Post Token API with empty request body","status":"broken","statusDetails":{"known":false,"muted":false,"flaky":false,"message":"java.io.FileNotFoundException: C:\\eclipse-workspace\\MyProjects\\TASystemsAPIs\\src\\test\\resources\\testDataFiles\\Token_Unauthorized_schema.json (The system cannot find the file specified)","trace":"io.restassured.module.jsv.JsonSchemaValidationException: java.io.FileNotFoundException: C:\\eclipse-workspace\\MyProjects\\TASystemsAPIs\\src\\test\\resources\\testDataFiles\\Token_Unauthorized_schema.json (The system cannot find the file specified)\r\n\tat io.restassured.module.jsv.JsonSchemaValidator$JsonSchemaValidatorFactory.create(JsonSchemaValidator.java:286)\r\n\tat io.restassured.module.jsv.JsonSchemaValidator.matchesJsonSchema(JsonSchemaValidator.java:157)\r\n\tat com.shaft.validation.ValidationsHelper.validateResponseFileSchema(ValidationsHelper.java:490)\r\n\tat com.shaft.validation.ValidationsExecutor.perform(ValidationsExecutor.java:161)\r\n\tat SteeringCompanyAPIs.Token_API.Check_Token_Response_Bad_Schema(Token_API.java:83)\r\n\tat SteeringCompanyAPI_TestCases.Test_Token_Cases.Bad_Token_RQ_TC(Test_Token_Cases.java:62)\r\n\tat java.base/jdk.internal.reflect.NativeMethodAccessorImpl.invoke0(Native Method)\r\n\tat java.base/jdk.internal.reflect.NativeMethodAccessorImpl.invoke(NativeMethodAccessorImpl.java:77)\r\n\tat java.base/jdk.internal.reflect.DelegatingMethodAccessorImpl.invoke(DelegatingMethodAccessorImpl.java:43)\r\n\tat java.base/java.lang.reflect.Method.invoke(Method.java:568)\r\n\tat org.testng.internal.invokers.MethodInvocationHelper.invokeMethod(MethodInvocationHelper.java:139)\r\n\tat org.testng.internal.invokers.TestInvoker.invokeMethod(TestInvoker.java:677)\r\n\tat org.testng.internal.invokers.TestInvoker.invokeTestMethod(TestInvoker.java:221)\r\n\tat org.testng.internal.invokers.MethodRunner.runInSequence(MethodRunner.java:50)\r\n\tat org.testng.internal.invokers.TestInvoker$MethodInvocationAgent.invoke(TestInvoker.java:969)\r\n\tat org.testng.internal.invokers.TestInvoker.invokeTestMethods(TestInvoker.java:194)\r\n\tat org.testng.internal.invokers.TestMethodWorker.invokeTestMethods(TestMethodWorker.java:148)\r\n\tat org.testng.internal.invokers.TestMethodWorker.run(TestMethodWorker.java:128)\r\n\tat java.base/java.util.ArrayList.forEach(ArrayList.java:1511)\r\n\tat org.testng.TestRunner.privateRun(TestRunner.java:829)\r\n\tat org.testng.TestRunner.run(TestRunner.java:602)\r\n\tat org.testng.SuiteRunner.runTest(SuiteRunner.java:437)\r\n\tat org.testng.SuiteRunner.runSequentially(SuiteRunner.java:431)\r\n\tat org.testng.SuiteRunner.privateRun(SuiteRunner.java:391)\r\n\tat org.testng.SuiteRunner.run(SuiteRunner.java:330)\r\n\tat org.testng.SuiteRunnerWorker.runSuite(SuiteRunnerWorker.java:52)\r\n\tat org.testng.SuiteRunnerWorker.run(SuiteRunnerWorker.java:95)\r\n\tat org.testng.TestNG.runSuitesSequentially(TestNG.java:1256)\r\n\tat org.testng.TestNG.runSuitesLocally(TestNG.java:1176)\r\n\tat org.testng.TestNG.runSuites(TestNG.java:1099)\r\n\tat org.testng.TestNG.run(TestNG.java:1067)\r\n\tat org.apache.maven.surefire.testng.TestNGExecutor.run(TestNGExecutor.java:151)\r\n\tat org.apache.maven.surefire.testng.TestNGDirectoryTestSuite.executeMulti(TestNGDirectoryTestSuite.java:192)\r\n\tat org.apache.maven.surefire.testng.TestNGDirectoryTestSuite.execute(TestNGDirectoryTestSuite.java:93)\r\n\tat org.apache.maven.surefire.testng.TestNGProvider.invoke(TestNGProvider.java:155)\r\n\tat org.apache.maven.surefire.booter.ForkedBooter.runSuitesInProcess(ForkedBooter.java:456)\r\n\tat org.apache.maven.surefire.booter.ForkedBooter.execute(ForkedBooter.java:169)\r\n\tat org.apache.maven.surefire.booter.ForkedBooter.run(ForkedBooter.java:595)\r\n\tat org.apache.maven.surefire.booter.ForkedBooter.main(ForkedBooter.java:581)\r\nCaused by: java.io.FileNotFoundException: C:\\eclipse-workspace\\MyProjects\\TASystemsAPIs\\src\\test\\resources\\testDataFiles\\Token_Unauthorized_schema.json (The system cannot find the file specified)\r\n\tat java.base/java.io.FileInputStream.open0(Native Method)\r\n\tat java.base/java.io.FileInputStream.open(FileInputStream.java:216)\r\n\tat java.base/java.io.FileInputStream.<init>(FileInputStream.java:157)\r\n\tat com.github.fge.jackson.JsonLoader.fromFile(JsonLoader.java:165)\r\n\tat io.restassured.module.jsv.JsonSchemaValidator$3.createSchemaInstance(JsonSchemaValidator.java:155)\r\n\tat io.restassured.module.jsv.JsonSchemaValidator$3.createSchemaInstance(JsonSchemaValidator.java:152)\r\n\tat io.restassured.module.jsv.JsonSchemaValidator$JsonSchemaValidatorFactory.create(JsonSchemaValidator.java:284)\r\n\t... 38 more\r\n"},"stage":"finished","steps":[{"name":"Loaded Test Data: \"src/test/resources/testDataFiles/SteeringCompanyAPI_TestData/SteeringCompanyAPI_TestData.xlsx\".","status":"passed","stage":"finished","steps":[],"attachments":[{"name":"Test Data - Excel","source":"647ca872-190a-4ffd-94b0-18222dfef70d-attachment.xlsx","type":"application/vnd.openxmlformats-officedocument.spreadsheetml.sheet"}],"parameters":[{"name":"logText","value":"Loaded Test Data: \"src/test/resources/testDataFiles/SteeringCompanyAPI_TestData/SteeringCompanyAPI_TestData.xlsx\"."},{"name":"attachments","value":"[[Test Data, Excel, java.io.FileInputStream@543e79cb]]"}],"start":1672693524925,"stop":1672693524929},{"name":"Assertion Passed: Evaluating the actual response status code against the expected one...","status":"passed","stage":"finished","steps":[],"attachments":[],"parameters":[{"name":"customLog","value":"Assertion Passed: Evaluating the actual response status code against the expected one..."},{"name":"stepLog","value":"Assertion \"ValidateComparativeRelation\" PASSED. Expected \"400\" and Actual \"400\". Comparison Type \"EQUALS\". Validation Type \"POSITIVE\"."},{"name":"attachments","value":"null"}],"start":1672693526613,"stop":1672693526613},{"name":"Perform request \"POST | Target Status Code: 400 | Service URL: https://auth-demo.np.transporticonline.com/auth/realms/tic/protocol/openid-connect/token | Content Type: application/x-www-form-urlencoded | Response Time: 1678ms\".","status":"passed","stage":"finished","steps":[],"attachments":[{"name":"API Request - Specifications","source":"7f3a419b-c01f-4885-8d55-d06f85bc81b1-attachment"},{"name":"API Response - JSON Body","source":"8887140e-207b-4a6c-a6c2-d79de2b9dfa8-attachment.json","type":"text/json"}],"parameters":[{"name":"logText","value":"Perform request \"POST | Target Status Code: 400 | Service URL: https://auth-demo.np.transporticonline.com/auth/realms/tic/protocol/openid-connect/token | Content Type: application/x-www-form-urlencoded | Response Time: 1678ms\"."},{"name":"attachments","value":"[[API Request, Specifications, Headers:\r\n_______________\r\n\r\nContent-Type=application/x-www-form-urlencoded\r\n\r\n], null, null, [API Response, JSON Body, java.io.ByteArrayInputStream@5a83be9]]"}],"start":1672693526632,"stop":1672693526636},{"name":"Assertion Passed: Check Response Status Code is 400 and it is Bad RQ.","status":"passed","stage":"finished","steps":[],"attachments":[],"parameters":[{"name":"customLog","value":"Assertion Passed: Check Response Status Code is 400 and it is Bad RQ."},{"name":"stepLog","value":"Assertion \"ValidateComparativeRelation\" PASSED. Expected \"400\" and Actual \"400\". Comparison Type \"EQUALS\". Validation Type \"POSITIVE\"."},{"name":"attachments","value":"null"}],"start":1672693526636,"stop":1672693526637},{"name":"Assertion Passed: Check error_description is existed.","status":"passed","stage":"finished","steps":[],"attachments":[],"parameters":[{"name":"customLog","value":"Assertion Passed: Check error_description is existed."},{"name":"stepLog","value":"Assertion \"ValidateEquals\" PASSED. Expected \"error_description\" and Actual \"{\"error\":\"invalid_request\",\"error_description\":\"Missing form parameter: grant_type\"}\". Comparison Type \"CONTAINS\". Validation Type \"POSITIVE\"."},{"name":"attachments","value":"null"}],"start":1672693526637,"stop":1672693526638},{"name":"Assertion Passed: Check error_description is not null.","status":"passed","stage":"finished","steps":[],"attachments":[],"parameters":[{"name":"customLog","value":"Assertion Passed: Check error_description is not null."},{"name":"stepLog","value":"Assertion \"ValidateEquals\" PASSED. Expected \"null\" and Actual \"Missing form parameter: grant_type\". Comparison Type \"EQUALS\". Validation Type \"NEGATIVE\"."},{"name":"attachments","value":"null"}],"start":1672693526640,"stop":1672693526640}],"attachments":[{"name":"SHAFT Engine Logs - Current Method log: Bad_Token_RQ_TC","source":"9e29fb31-3aeb-4bde-9313-006581ab1317-attachment.txt","type":"text/plain"}],"parameters":[],"start":1672693524888,"stop":1672693526646}